<?xml version="1.0" encoding="UTF-8"?>
<!-- Generated by org.testng.reporters.JUnitReportReporter -->
<testsuite skipped="0" hostname="VASANTKN1" name="com.selenium.facebook.pom.PageObjectModel_WithPageFactory.testcases.FriendsTest" tests="1" failures="0" timestamp="06 Feb 2018 08:38:10 GMT" time="69.417" errors="0">
  <testcase name="doFriendsTest" time="69.417" classname="com.selenium.facebook.pom.PageObjectModel_WithPageFactory.testcases.FriendsTest"/>
</testsuite> <!-- com.selenium.facebook.pom.PageObjectModel_WithPageFactory.testcases.FriendsTest -->
