<?xml version="1.0" encoding="UTF-8"?>
<!-- Generated by org.testng.reporters.JUnitReportReporter -->
<testsuite skipped="1" hostname="VASANTKN1" name="com.selenium.facebook.pom.PageObjectModel_WithPageFactory.testcases.ProfileTest" tests="1" failures="0" timestamp="06 Feb 2018 08:38:10 GMT" time="0.620" errors="0">
  <testcase name="testProfile" time="0.620" classname="com.selenium.facebook.pom.PageObjectModel_WithPageFactory.testcases.ProfileTest">
    <skipped/>
  </testcase> <!-- testProfile -->
</testsuite> <!-- com.selenium.facebook.pom.PageObjectModel_WithPageFactory.testcases.ProfileTest -->
