<?xml version="1.0" encoding="UTF-8"?>
<!-- Generated by org.testng.reporters.JUnitReportReporter -->
<testsuite skipped="1" hostname="VASANTKN1" name="com.selenium.facebook.pom.PageObjectModel_WithPageFactory.testcases.ProfileTest" tests="1" failures="0" timestamp="11 Feb 2018 01:17:39 GMT" time="1.426" errors="0">
  <testcase name="testProfile" time="1.426" classname="com.selenium.facebook.pom.PageObjectModel_WithPageFactory.testcases.ProfileTest">
    <skipped/>
  </testcase> <!-- testProfile -->
</testsuite> <!-- com.selenium.facebook.pom.PageObjectModel_WithPageFactory.testcases.ProfileTest -->
